<RestClientRequest>
  <option name="biscuits">
    <list />
  </option>
  <option name="httpMethod" value="POST" />
  <option name="urlBase" value="http://localhost:8080" />
  <option name="urlPath" value="/irods-rest/rest/ticket" />
  <option name="headers">
    <list>
      <KeyValuePair>
        <option name="key" value="Accept" />
        <option name="value" value="*/*" />
      </KeyValuePair>
      <KeyValuePair>
        <option name="key" value="Cache-Control" />
        <option name="value" value="no-cache" />
      </KeyValuePair>
      <KeyValuePair>
        <option name="key" value="Authorization" />
        <option name="value" value="Basic dGVzdDE6dGVzdA==" />
      </KeyValuePair>
      <KeyValuePair>
        <option name="key" value="Content-Type" />
        <option name="value" value="application/json" />
      </KeyValuePair>
    </list>
  </option>
  <option name="parameters">
    <list />
  </option>
  <option name="parametersEnabled" value="true" />
  <option name="haveTextToSend" value="true" />
  <option name="haveFileToSend" value="false" />
  <option name="isFileUpload" value="false" />
  <option name="textToSend" value="{&quot;mode&quot;:&quot;read&quot;,&quot;object_path&quot;:&quot;/zone1/home/test1/jargon-scratch/TicketTestDirectory/testfile.dat&quot;,&quot;ticket_string&quot;:&quot;uwJ49YtbsslfcVhTV&quot;}" />
  <option name="filesToSend" value="" />
</RestClientRequest>